<?xml version="1.0" encoding="UTF-8"?>
<!-- Generated by org.testng.reporters.JUnitReportReporter -->
<testsuite skipped="0" hostname="DESKTOP-62EBPUF" name="ParallelExecution.parallelexecution" tests="2" failures="0" timestamp="2021-01-26T10:16:21 IST" time="24.987" errors="0">
  <testcase name="createreport" time="14.561" classname="ParallelExecution.parallelexecution"/>
  <system-out/>
  <testcase name="createuser" time="10.426" classname="ParallelExecution.parallelexecution"/>
  <system-out/>
</testsuite> <!-- ParallelExecution.parallelexecution -->
