<?xml version="1.0" encoding="UTF-8"?>
<!-- Generated by org.testng.reporters.JUnitReportReporter -->
<testsuite skipped="0" hostname="DESKTOP-62EBPUF" name="TestNG.Dependsonmethod" tests="4" failures="0" timestamp="2021-01-21T14:53:35 IST" time="0.017" errors="0">
  <testcase name="Logout" time="0.002" classname="TestNG.Dependsonmethod"/>
  <system-out>
If we login sucessfully then only we can logout  </system-out>
  <testcase name="Login" time="0.012" classname="TestNG.Dependsonmethod"/>
  <system-out>
Login is succesfull  </system-out>
  <testcase name="Homepage" time="0.001" classname="TestNG.Dependsonmethod"/>
  <system-out>
If the login is succesful then Homepage will be displayed  </system-out>
  <testcase name="description" time="0.002" classname="TestNG.Dependsonmethod"/>
  <system-out>
descripion  </system-out>
</testsuite> <!-- TestNG.Dependsonmethod -->
