<?xml version="1.0" encoding="UTF-8"?>
<!-- Generated by org.testng.reporters.JUnitReportReporter -->
<testsuite skipped="0" hostname="DESKTOP-62EBPUF" name="TestNG.Grouping" tests="8" failures="0" timestamp="2021-01-21T15:25:42 IST" time="0.023" errors="0">
  <testcase name="IT4" time="0.000" classname="TestNG.Grouping"/>
  <system-out>
Integration4  </system-out>
  <testcase name="FT1" time="0.011" classname="TestNG.Grouping"/>
  <system-out>
Functional1  </system-out>
  <testcase name="FT4" time="0.001" classname="TestNG.Grouping"/>
  <system-out>
Functional4  </system-out>
  <testcase name="FT2" time="0.003" classname="TestNG.Grouping"/>
  <system-out>
Functional2  </system-out>
  <testcase name="IT3" time="0.005" classname="TestNG.Grouping"/>
  <system-out>
Integration3  </system-out>
  <testcase name="IT1" time="0.001" classname="TestNG.Grouping"/>
  <system-out>
Integration1  </system-out>
  <testcase name="FT3" time="0.002" classname="TestNG.Grouping"/>
  <system-out>
Functional3  </system-out>
  <testcase name="IT2" time="0.000" classname="TestNG.Grouping"/>
  <system-out>
Integration2  </system-out>
</testsuite> <!-- TestNG.Grouping -->
