<?xml version="1.0" encoding="UTF-8"?>
<!-- Generated by org.testng.reporters.JUnitReportReporter -->
<testsuite skipped="0" hostname="DESKTOP-62EBPUF" name="TestNG.TestAnnotations" tests="1" failures="0" timestamp="2021-01-21T14:24:01 IST" time="0.007" errors="0">
  <testcase name="testscript" time="0.007" classname="TestNG.TestAnnotations"/>
  <system-out>
hi i Am the Main Script  </system-out>
</testsuite> <!-- TestNG.TestAnnotations -->
