<?xml version="1.0" encoding="UTF-8"?>
<!-- Generated by org.testng.reporters.JUnitReportReporter -->
<testsuite skipped="0" hostname="DESKTOP-62EBPUF" name="TestNG.priorities" tests="4" failures="0" timestamp="2021-01-21T14:35:49 IST" time="0.015" errors="0">
  <testcase name="run" time="0.001" classname="TestNG.priorities"/>
  <system-out>
run  </system-out>
  <testcase name="fun" time="0.011" classname="TestNG.priorities"/>
  <system-out>
fun  </system-out>
  <testcase name="mann" time="0.002" classname="TestNG.priorities"/>
  <system-out>
mann  </system-out>
  <testcase name="sun" time="0.001" classname="TestNG.priorities"/>
  <system-out>
sun  </system-out>
</testsuite> <!-- TestNG.priorities -->
