<?xml version="1.0" encoding="UTF-8"?>
<!-- Generated by org.testng.reporters.JUnitReportReporter -->
<testsuite skipped="0" hostname="DESKTOP-62EBPUF" name="TestNG.invocationTest" tests="5" failures="0" timestamp="2021-01-21T14:45:12 IST" time="0.019" errors="0">
  <testcase name="pune" time="0.002" classname="TestNG.invocationTest"/>
  <system-out>
Pune is city of education  </system-out>
  <testcase name="pune" time="0.003" classname="TestNG.invocationTest"/>
  <system-out>
Pune is city of education  </system-out>
  <testcase name="pune" time="0.001" classname="TestNG.invocationTest"/>
  <system-out>
Pune is city of education  </system-out>
  <testcase name="mumbai" time="0.011" classname="TestNG.invocationTest"/>
  <system-out>
Mumbai is city of dreams  </system-out>
  <testcase name="mumbai" time="0.002" classname="TestNG.invocationTest"/>
  <system-out>
Mumbai is city of dreams  </system-out>
</testsuite> <!-- TestNG.invocationTest -->
