<?xml version="1.0" encoding="UTF-8"?>
<!-- Generated by org.testng.reporters.JUnitReportReporter -->
<testsuite skipped="0" hostname="DESKTOP-62EBPUF" name="TestNG.Actitimelogin" tests="1" failures="0" timestamp="2021-01-23T12:02:24 IST" time="15.517" errors="0">
  <testcase name="login" time="15.517" classname="TestNG.Actitimelogin"/>
  <system-out/>
</testsuite> <!-- TestNG.Actitimelogin -->
