<?xml version="1.0" encoding="UTF-8"?>
<!-- Generated by org.testng.reporters.JUnitReportReporter -->
<testsuite skipped="0" hostname="DESKTOP-62EBPUF" name="TestNG.Demo2" tests="1" failures="0" timestamp="2021-01-15T12:34:31 IST" time="0.016" errors="0">
  <testcase name="fun" time="0.016" classname="TestNG.Demo2"/>
  <system-out>
Hi i am Fun  </system-out>
</testsuite> <!-- TestNG.Demo2 -->
