<?xml version="1.0" encoding="UTF-8"?>
<!-- Generated by org.testng.reporters.JUnitReportReporter -->
<testsuite skipped="0" hostname="DESKTOP-62EBPUF" name="TestNG.Demo" tests="1" failures="0" timestamp="2021-01-15T12:34:31 IST" time="0.015" errors="0">
  <testcase name="gun" time="0.015" classname="TestNG.Demo"/>
  <system-out>
Hi i am gun method  </system-out>
</testsuite> <!-- TestNG.Demo -->
