<?xml version="1.0" encoding="UTF-8"?>
<!-- Generated by org.testng.reporters.JUnitReportReporter -->
<testsuite skipped="0" hostname="DESKTOP-62EBPUF" name="TestNG.seleniumgrid$Grid_2" tests="1" failures="0" timestamp="2021-02-01T12:57:01 IST" time="8.326" errors="0">
  <testcase name="simpleTest" time="8.326" classname="TestNG.seleniumgrid$Grid_2"/>
  <system-out/>
</testsuite> <!-- TestNG.seleniumgrid$Grid_2 -->
