<?xml version="1.0" encoding="UTF-8"?>
<!-- Generated by org.testng.reporters.JUnitReportReporter -->
<testsuite skipped="0" hostname="DESKTOP-62EBPUF" name="TestNG.Assertion" tests="1" failures="0" timestamp="2021-01-23T12:24:19 IST" time="8.948" errors="0">
  <testcase name="login" time="8.948" classname="TestNG.Assertion"/>
  <system-out/>
</testsuite> <!-- TestNG.Assertion -->
