<?xml version="1.0" encoding="UTF-8"?>
<!-- Generated by org.testng.reporters.JUnitReportReporter -->
<testsuite skipped="0" hostname="DESKTOP-62EBPUF" name="TestNG.Demo1" tests="1" failures="0" timestamp="2021-01-15T12:34:31 IST" time="0.000" errors="0">
  <testcase name="run" time="0.000" classname="TestNG.Demo1"/>
  <system-out>
Hi im run method  </system-out>
</testsuite> <!-- TestNG.Demo1 -->
